2019-09-04T18:23:04.145342+09:00 0 [Warning] [MY-011070] [Server] 'Disabling symbolic links using --skip-symbolic-links (or equivalent) is the default. Consider not using this option as it' is deprecated and will be removed in a future release.
2019-09-04T18:23:04.145410+09:00 0 [System] [MY-013169] [Server] /usr/sbin/mysqld (mysqld 8.0.17) initializing of server in progress as process 29
2019-09-04T18:23:06.564370+09:00 5 [Warning] [MY-010453] [Server] root@localhost is created with an empty password ! Please consider switching off the --initialize-insecure option.
2019-09-04T18:23:11.407112+09:00 0 [System] [MY-013170] [Server] /usr/sbin/mysqld (mysqld 8.0.17) initializing of server has completed
2019-09-04T18:23:12.635725+09:00 0 [Warning] [MY-011070] [Server] 'Disabling symbolic links using --skip-symbolic-links (or equivalent) is the default. Consider not using this option as it' is deprecated and will be removed in a future release.
2019-09-04T18:23:12.635812+09:00 0 [System] [MY-010116] [Server] /usr/sbin/mysqld (mysqld 8.0.17) starting as process 81
2019-09-04T18:23:13.081814+09:00 0 [Warning] [MY-010068] [Server] CA certificate ca.pem is self signed.
2019-09-04T18:23:13.083619+09:00 0 [Warning] [MY-011810] [Server] Insecure configuration for --pid-file: Location '/var/run/mysqld' in the path is accessible to all OS users. Consider choosing a different directory.
2019-09-04T18:23:13.102461+09:00 0 [System] [MY-010931] [Server] /usr/sbin/mysqld: ready for connections. Version: '8.0.17'  socket: '/var/run/mysqld/mysqld.sock'  port: 0  MySQL Community Server - GPL.
2019-09-04T18:23:13.202368+09:00 0 [System] [MY-011323] [Server] X Plugin ready for connections. Socket: '/var/run/mysqld/mysqlx.sock'
2019-09-04T18:23:22.286546+09:00 0 [System] [MY-010910] [Server] /usr/sbin/mysqld: Shutdown complete (mysqld 8.0.17)  MySQL Community Server - GPL.
2019-09-04T18:23:22.702389+09:00 0 [Warning] [MY-011070] [Server] 'Disabling symbolic links using --skip-symbolic-links (or equivalent) is the default. Consider not using this option as it' is deprecated and will be removed in a future release.
2019-09-04T18:23:22.702487+09:00 0 [System] [MY-010116] [Server] /usr/sbin/mysqld (mysqld 8.0.17) starting as process 1
2019-09-04T18:23:23.103013+09:00 0 [Warning] [MY-010068] [Server] CA certificate ca.pem is self signed.
2019-09-04T18:23:23.105308+09:00 0 [Warning] [MY-011810] [Server] Insecure configuration for --pid-file: Location '/var/run/mysqld' in the path is accessible to all OS users. Consider choosing a different directory.
2019-09-04T18:23:23.123744+09:00 0 [System] [MY-010931] [Server] /usr/sbin/mysqld: ready for connections. Version: '8.0.17'  socket: '/var/run/mysqld/mysqld.sock'  port: 3306  MySQL Community Server - GPL.
2019-09-04T18:23:23.295729+09:00 0 [System] [MY-011323] [Server] X Plugin ready for connections. Socket: '/var/run/mysqld/mysqlx.sock' bind-address: '::' port: 33060
2019-09-08T16:40:10.342956+09:00 0 [Warning] [MY-011070] [Server] 'Disabling symbolic links using --skip-symbolic-links (or equivalent) is the default. Consider not using this option as it' is deprecated and will be removed in a future release.
2019-09-08T16:40:10.343021+09:00 0 [System] [MY-013169] [Server] /usr/sbin/mysqld (mysqld 8.0.17) initializing of server in progress as process 30
2019-09-08T16:40:11.510061+09:00 5 [Warning] [MY-010453] [Server] root@localhost is created with an empty password ! Please consider switching off the --initialize-insecure option.
2019-09-08T16:40:14.423900+09:00 0 [System] [MY-013170] [Server] /usr/sbin/mysqld (mysqld 8.0.17) initializing of server has completed
2019-09-08T16:40:15.950682+09:00 0 [Warning] [MY-011070] [Server] 'Disabling symbolic links using --skip-symbolic-links (or equivalent) is the default. Consider not using this option as it' is deprecated and will be removed in a future release.
2019-09-08T16:40:15.950765+09:00 0 [System] [MY-010116] [Server] /usr/sbin/mysqld (mysqld 8.0.17) starting as process 82
2019-09-08T16:40:16.247173+09:00 0 [Warning] [MY-010068] [Server] CA certificate ca.pem is self signed.
2019-09-08T16:40:16.248372+09:00 0 [Warning] [MY-011810] [Server] Insecure configuration for --pid-file: Location '/var/run/mysqld' in the path is accessible to all OS users. Consider choosing a different directory.
2019-09-08T16:40:16.262482+09:00 0 [System] [MY-010931] [Server] /usr/sbin/mysqld: ready for connections. Version: '8.0.17'  socket: '/var/run/mysqld/mysqld.sock'  port: 0  MySQL Community Server - GPL.
2019-09-08T16:40:16.431971+09:00 0 [System] [MY-011323] [Server] X Plugin ready for connections. Socket: '/var/run/mysqld/mysqlx.sock'
2019-09-08T16:40:22.709078+09:00 0 [System] [MY-010910] [Server] /usr/sbin/mysqld: Shutdown complete (mysqld 8.0.17)  MySQL Community Server - GPL.
2019-09-08T16:40:23.077569+09:00 0 [Warning] [MY-011070] [Server] 'Disabling symbolic links using --skip-symbolic-links (or equivalent) is the default. Consider not using this option as it' is deprecated and will be removed in a future release.
2019-09-08T16:40:23.077640+09:00 0 [System] [MY-010116] [Server] /usr/sbin/mysqld (mysqld 8.0.17) starting as process 1
2019-09-08T16:40:23.406876+09:00 0 [Warning] [MY-010068] [Server] CA certificate ca.pem is self signed.
2019-09-08T16:40:23.408601+09:00 0 [Warning] [MY-011810] [Server] Insecure configuration for --pid-file: Location '/var/run/mysqld' in the path is accessible to all OS users. Consider choosing a different directory.
2019-09-08T16:40:23.422670+09:00 0 [System] [MY-010931] [Server] /usr/sbin/mysqld: ready for connections. Version: '8.0.17'  socket: '/var/run/mysqld/mysqld.sock'  port: 3306  MySQL Community Server - GPL.
2019-09-08T16:40:23.544085+09:00 0 [System] [MY-011323] [Server] X Plugin ready for connections. Socket: '/var/run/mysqld/mysqlx.sock' bind-address: '::' port: 33060
mbind: Operation not permitted
2019-09-09T18:13:58.130652+09:00 0 [Warning] [MY-011070] [Server] 'Disabling symbolic links using --skip-symbolic-links (or equivalent) is the default. Consider not using this option as it' is deprecated and will be removed in a future release.
2019-09-09T18:13:58.130785+09:00 0 [System] [MY-010116] [Server] /usr/sbin/mysqld (mysqld 8.0.17) starting as process 1
2019-09-09T18:13:59.161450+09:00 0 [Warning] [MY-010068] [Server] CA certificate ca.pem is self signed.
2019-09-09T18:13:59.164999+09:00 0 [Warning] [MY-011810] [Server] Insecure configuration for --pid-file: Location '/var/run/mysqld' in the path is accessible to all OS users. Consider choosing a different directory.
2019-09-09T18:13:59.232573+09:00 0 [System] [MY-010931] [Server] /usr/sbin/mysqld: ready for connections. Version: '8.0.17'  socket: '/var/run/mysqld/mysqld.sock'  port: 3306  MySQL Community Server - GPL.
2019-09-09T18:13:59.287526+09:00 0 [System] [MY-011323] [Server] X Plugin ready for connections. Socket: '/var/run/mysqld/mysqlx.sock' bind-address: '::' port: 33060
